[     100ms] [ERROR] Not allowed to load local resource: file:///Users/evintleovonzko/Documents/Works/Kolosal/tax-planning/charts/01_corporate_tax_rates.png @ http://localhost:8191/International_Tax_Planning_Guide.html:5495
[     100ms] [ERROR] Not allowed to load local resource: file:///Users/evintleovonzko/Documents/Works/Kolosal/tax-planning/charts/02_combined_federal_state_rates.png @ http://localhost:8191/International_Tax_Planning_Guide.html:5495
[     100ms] [ERROR] Not allowed to load local resource: file:///Users/evintleovonzko/Documents/Works/Kolosal/tax-planning/charts/03_vat_gst_rates.png @ http://localhost:8191/International_Tax_Planning_Guide.html:5495
[     100ms] [ERROR] Not allowed to load local resource: file:///Users/evintleovonzko/Documents/Works/Kolosal/tax-planning/charts/04_employer_payroll_burden.png @ http://localhost:8191/International_Tax_Planning_Guide.html:5495
[     100ms] [ERROR] Not allowed to load local resource: file:///Users/evintleovonzko/Documents/Works/Kolosal/tax-planning/charts/17_australia_super_rates.png @ http://localhost:8191/International_Tax_Planning_Guide.html:5495
[     100ms] [ERROR] Not allowed to load local resource: file:///Users/evintleovonzko/Documents/Works/Kolosal/tax-planning/charts/05_depreciation_comparison.png @ http://localhost:8191/International_Tax_Planning_Guide.html:5495
[     100ms] [ERROR] Not allowed to load local resource: file:///Users/evintleovonzko/Documents/Works/Kolosal/tax-planning/charts/06_nol_rules.png @ http://localhost:8191/International_Tax_Planning_Guide.html:5495
[     100ms] [ERROR] Not allowed to load local resource: file:///Users/evintleovonzko/Documents/Works/Kolosal/tax-planning/charts/07_rnd_incentives.png @ http://localhost:8191/International_Tax_Planning_Guide.html:5495
[     100ms] [ERROR] Not allowed to load local resource: file:///Users/evintleovonzko/Documents/Works/Kolosal/tax-planning/charts/08_interest_limitation.png @ http://localhost:8191/International_Tax_Planning_Guide.html:5495
[     101ms] [ERROR] Not allowed to load local resource: file:///Users/evintleovonzko/Documents/Works/Kolosal/tax-planning/charts/09_withholding_taxes.png @ http://localhost:8191/International_Tax_Planning_Guide.html:5495
[     101ms] [ERROR] Not allowed to load local resource: file:///Users/evintleovonzko/Documents/Works/Kolosal/tax-planning/charts/10_deduction_categories_heatmap.png @ http://localhost:8191/International_Tax_Planning_Guide.html:5495
[     101ms] [ERROR] Not allowed to load local resource: file:///Users/evintleovonzko/Documents/Works/Kolosal/tax-planning/charts/12_sme_regimes.png @ http://localhost:8191/International_Tax_Planning_Guide.html:5495
[     101ms] [ERROR] Not allowed to load local resource: file:///Users/evintleovonzko/Documents/Works/Kolosal/tax-planning/charts/11_brazil_simples_nacional.png @ http://localhost:8191/International_Tax_Planning_Guide.html:5495
[     101ms] [ERROR] Not allowed to load local resource: file:///Users/evintleovonzko/Documents/Works/Kolosal/tax-planning/charts/13_tax_burden_radar.png @ http://localhost:8191/International_Tax_Planning_Guide.html:5495
[     101ms] [ERROR] Not allowed to load local resource: file:///Users/evintleovonzko/Documents/Works/Kolosal/tax-planning/charts/14_canada_provincial_rates.png @ http://localhost:8191/International_Tax_Planning_Guide.html:5495
[     101ms] [ERROR] Not allowed to load local resource: file:///Users/evintleovonzko/Documents/Works/Kolosal/tax-planning/charts/15_indonesia_tax_holiday.png @ http://localhost:8191/International_Tax_Planning_Guide.html:5495
[     101ms] [ERROR] Not allowed to load local resource: file:///Users/evintleovonzko/Documents/Works/Kolosal/tax-planning/charts/16_mexico_resico.png @ http://localhost:8191/International_Tax_Planning_Guide.html:5495
[     101ms] [ERROR] Not allowed to load local resource: file:///Users/evintleovonzko/Documents/Works/Kolosal/tax-planning/charts/19_singapore_tax_incentives.png @ http://localhost:8191/International_Tax_Planning_Guide.html:5495
[     101ms] [ERROR] Not allowed to load local resource: file:///Users/evintleovonzko/Documents/Works/Kolosal/tax-planning/charts/20_foreign_investment_screening.png @ http://localhost:8191/International_Tax_Planning_Guide.html:5495
[     101ms] [ERROR] Not allowed to load local resource: file:///Users/evintleovonzko/Documents/Works/Kolosal/tax-planning/charts/21_nonresident_tax_rates.png @ http://localhost:8191/International_Tax_Planning_Guide.html:5495
[     101ms] [ERROR] Not allowed to load local resource: file:///Users/evintleovonzko/Documents/Works/Kolosal/tax-planning/charts/25_dividend_interest_treatment.png @ http://localhost:8191/International_Tax_Planning_Guide.html:5495
[     101ms] [ERROR] Not allowed to load local resource: file:///Users/evintleovonzko/Documents/Works/Kolosal/tax-planning/charts/24_capital_gains_comparison.png @ http://localhost:8191/International_Tax_Planning_Guide.html:5495
[     101ms] [ERROR] Not allowed to load local resource: file:///Users/evintleovonzko/Documents/Works/Kolosal/tax-planning/charts/22_repatriation_ease_radar.png @ http://localhost:8191/International_Tax_Planning_Guide.html:5495
[     101ms] [ERROR] Not allowed to load local resource: file:///Users/evintleovonzko/Documents/Works/Kolosal/tax-planning/charts/26_sector_specific_taxes.png @ http://localhost:8191/International_Tax_Planning_Guide.html:5495
[     101ms] [ERROR] Not allowed to load local resource: file:///Users/evintleovonzko/Documents/Works/Kolosal/tax-planning/charts/23_investor_decision_matrix.png @ http://localhost:8191/International_Tax_Planning_Guide.html:5495
[     101ms] [ERROR] Not allowed to load local resource: file:///Users/evintleovonzko/Documents/Works/Kolosal/tax-planning/charts/18_comprehensive_summary_table.png @ http://localhost:8191/International_Tax_Planning_Guide.html:5495
[     277ms] [ERROR] Failed to load resource: the server responded with a status of 404 (File not found) @ http://localhost:8191/favicon.ico:0
